<?xml version="1.0" encoding="UTF-8"?>
<!-- Generated by org.testng.reporters.JUnitReportReporter -->
<testsuite hostname="LAPTOP-U6A6PUS9" failures="0" tests="2" name="com.abhi.OrangeHRMTest.MakeMyTripDropDownTest" time="32.982" errors="0" timestamp="2023-07-19T00:43:26 IST" skipped="0">
  <testcase classname="com.abhi.OrangeHRMTest.MakeMyTripDropDownTest" name="LaunchApp" time="30.007"/>
  <system-out/>
  <testcase classname="com.abhi.OrangeHRMTest.MakeMyTripDropDownTest" name="SelectCityDropDown" time="2.975"/>
  <system-out/>
</testsuite> <!-- com.abhi.OrangeHRMTest.MakeMyTripDropDownTest -->
