<?xml version="1.0" encoding="UTF-8"?>
<!-- Generated by org.testng.reporters.JUnitReportReporter -->
<testsuite hostname="LAPTOP-U6A6PUS9" failures="0" tests="1" name="pageLaunch" time="11.982" errors="0" timestamp="2023-07-13T18:54:51 IST" skipped="0">
  <testcase classname="pageLaunch" name="launchPage" time="11.982"/>
  <system-out/>
</testsuite> <!-- pageLaunch -->
